4/12/2025, 9:45:29 PM GMT+2 0: 

----------------------------------------------
4/12/2025, 9:45:29 PM GMT+2 1: Discord starting: {"releaseChannel":"stable","version":"0.0.90"}, modulepath: /home/migio/.config/discord/0.0.90/modules
4/12/2025, 9:45:29 PM GMT+2 2: ✅ webContents.created web1 "index.html"
4/12/2025, 9:45:29 PM GMT+2 3: ✅ window.created win1 "discord"
4/12/2025, 9:45:30 PM GMT+2 4: ✅ webContents.did-finish-load web1
4/12/2025, 9:45:47 PM GMT+2 5: ✅ webContents.created web2 ""
4/12/2025, 9:45:47 PM GMT+2 6: ✅ window.created win2 "Discord"
4/12/2025, 9:45:51 PM GMT+2 7: ✅ webContents.did-finish-load web2
4/12/2025, 9:45:51 PM GMT+2 8: window.close win1
4/12/2025, 9:45:51 PM GMT+2 9: webContents.destroyed web1
4/12/2025, 9:45:51 PM GMT+2 10: window.closed win1
4/12/2025, 10:22:57 PM GMT+2 11: window.close win2
4/12/2025, 10:24:01 PM GMT+2 12: before-quit
4/18/2025, 9:17:30 PM GMT+2 0: 

----------------------------------------------
4/18/2025, 9:17:30 PM GMT+2 1: Discord starting: {"releaseChannel":"stable","version":"0.0.90"}, modulepath: /home/migio/.config/discord/0.0.90/modules
4/18/2025, 9:17:30 PM GMT+2 2: ✅ webContents.created web1 ""
4/18/2025, 9:17:30 PM GMT+2 3: ✅ window.created win1 "discord"
4/18/2025, 9:17:30 PM GMT+2 4: ✅ webContents.did-finish-load web1
4/18/2025, 9:17:37 PM GMT+2 5: ✅ webContents.created web2 ""
4/18/2025, 9:17:37 PM GMT+2 6: ✅ window.created win2 "Discord"
4/18/2025, 9:17:41 PM GMT+2 7: ✅ webContents.did-finish-load web2
4/18/2025, 9:17:41 PM GMT+2 8: window.close win1
4/18/2025, 9:17:41 PM GMT+2 9: webContents.destroyed web1
4/18/2025, 9:17:41 PM GMT+2 10: window.closed win1
4/18/2025, 9:31:36 PM GMT+2 11: window.close win2
4/18/2025, 10:42:37 PM GMT+2 12: window.close win2
4/18/2025, 10:45:45 PM GMT+2 13: before-quit
4/19/2025, 4:25:31 PM GMT+2 0: 

----------------------------------------------
4/19/2025, 4:25:31 PM GMT+2 1: Discord starting: {"releaseChannel":"stable","version":"0.0.90"}, modulepath: /home/migio/.config/discord/0.0.90/modules
4/19/2025, 4:25:31 PM GMT+2 2: ✅ webContents.created web1 ""
4/19/2025, 4:25:31 PM GMT+2 3: ✅ window.created win1 "discord"
4/19/2025, 4:25:32 PM GMT+2 4: ✅ webContents.did-finish-load web1
4/19/2025, 4:25:33 PM GMT+2 5: ✅ webContents.created web2 ""
4/19/2025, 4:25:33 PM GMT+2 6: ✅ window.created win2 "Discord"
4/19/2025, 4:25:45 PM GMT+2 7: ✅ webContents.did-finish-load web2
4/19/2025, 4:25:45 PM GMT+2 8: window.close win1
4/19/2025, 4:25:46 PM GMT+2 9: webContents.destroyed web1
4/19/2025, 4:25:46 PM GMT+2 10: window.closed win1
4/19/2025, 10:05:51 PM GMT+2 11: window.close win2
4/19/2025, 10:06:15 PM GMT+2 12: before-quit
